<?xml version="1.0" encoding="UTF-8"?>
<testsuites name="jest tests" tests="6" failures="0" errors="0" time="4.688">
  <testsuite name="Table" errors="0" failures="0" skipped="0" timestamp="2021-11-03T15:10:19" time="2.294" tests="6">
    <testcase classname="Table render" name="Table render" time="0.12">
    </testcase>
    <testcase classname="Table 基础使用展示" name="Table 基础使用展示" time="0.048">
    </testcase>
    <testcase classname="Table 点击升降序" name="Table 点击升降序" time="0.169">
    </testcase>
    <testcase classname="Table 配置不展示表头" name="Table 配置不展示表头" time="0.046">
    </testcase>
    <testcase classname="Table 配置不展示分页" name="Table 配置不展示分页" time="0.031">
    </testcase>
    <testcase classname="Table 配置居中对齐" name="Table 配置居中对齐" time="0.032">
    </testcase>
  </testsuite>
</testsuites>